{
  "RSpec": {
    "coverage": {
      "/home/travis/build/MarcGrimme/repo-small-badge/lib/repo_small_badge.rb": [
        null,
        null,
        null,
        1,
        null,
        null,
        1,
        1,
        null,
        1
      ],
      "/home/travis/build/MarcGrimme/repo-small-badge/lib/repo_small_badge/image.rb": [
        null,
        null,
        1,
        1,
        null,
        1,
        null,
        null,
        null,
        1,
        null,
        null,
        1,
        3,
        null,
        null,
        null,
        3,
        null,
        null,
        null,
        null,
        null,
        null,
        1,
        2,
        2,
        2,
        2,
        2,
        2,
        null,
        null,
        null,
        null,
        1,
        1,
        null,
        null,
        1,
        null,
        1,
        2,
        2,
        2,
        null,
        null,
        null,
        null,
        1,
        2,
        2,
        null,
        null,
        2,
        null,
        null,
        null,
        2,
        null,
        null,
        null,
        null,
        null,
        1,
        2,
        2,
        null,
        null,
        null,
        null,
        null,
        1,
        2,
        null,
        null,
        2,
        null,
        null,
        2,
        null,
        null,
        null,
        null,
        null,
        1,
        2,
        null,
        null,
        2,
        null,
        null,
        null,
        2,
        null,
        null,
        null,
        null,
        null,
        null,
        null,
        null
      ],
      "/home/travis/build/MarcGrimme/repo-small-badge/lib/repo_small_badge/configuration.rb": [
        null,
        null,
        1,
        null,
        1,
        1,
        3,
        null,
        null,
        1,
        1,
        null,
        null,
        1,
        2,
        null,
        null,
        1,
        2,
        null,
        null,
        1,
        2,
        null,
        null,
        1,
        2,
        null,
        null,
        1,
        2,
        null,
        null,
        1,
        2,
        null,
        null,
        1,
        2,
        null,
        null,
        1,
        2,
        null,
        null,
        1,
        4,
        null,
        null,
        1,
        4,
        null,
        null,
        1,
        4,
        null,
        null,
        1,
        2,
        1,
        null,
        1,
        null,
        null,
        null,
        1,
        27,
        null,
        null,
        1,
        19,
        null,
        null,
        1,
        18,
        null,
        null,
        1,
        2,
        2,
        2,
        null,
        null,
        1,
        4,
        4,
        2,
        null,
        2,
        null,
        null,
        null,
        1,
        2,
        null,
        null,
        null
      ],
      "/home/travis/build/MarcGrimme/repo-small-badge/spec/support/mocks.rb": [
        null,
        null,
        1,
        null,
        1,
        null,
        1,
        null,
        null,
        null,
        null,
        null,
        null,
        null,
        null,
        null,
        null,
        null,
        null,
        null,
        null,
        null,
        null,
        null,
        null,
        null,
        null,
        null,
        null,
        null,
        null,
        null,
        null,
        null,
        null,
        null,
        null,
        null,
        null,
        null,
        null,
        null,
        null,
        1,
        1,
        null,
        null,
        null,
        null,
        null,
        null,
        null,
        null,
        null,
        null,
        null,
        null,
        null,
        null,
        null,
        null,
        null,
        null,
        null,
        null,
        null,
        null,
        null,
        null,
        null,
        null,
        null,
        null,
        null,
        null,
        null,
        null,
        null,
        null,
        null,
        null,
        null
      ]
    },
    "timestamp": 1567174385
  }
}
